histogram results (column 4): prot_pRB
   1  ->  0    
   2  ->  0    
   3  ->  0    
   4  ->  1    =
   5  ->  0    
   6  ->  4    ====
   7  ->  5    =====
   8  ->  9    =========
   9  ->  13   =============
  10  ->  14   ==============
  11  ->  16   ================
  12  ->  16   ================
  13  ->  18   ==================
  14  ->  16   ================
  15  ->  10   ==========
  16  ->  9    =========
  17  ->  10   ==========
  18  ->  4    ====
  19  ->  2    ==
  20  ->  1    =
  21  ->  1    =
  22  ->  0    
  23  ->  1    =
histogram results (column 5): prot_E2F1
   1  ->  0    
   2  ->  0    
   3  ->  0    
   4  ->  0    
   5  ->  1    =
   6  ->  0    
   7  ->  0    
   8  ->  0    
   9  ->  1    =
  11  ->  2    ==
  12  ->  5    =====
  13  ->  3    ===
  14  ->  9    =========
  15  ->  8    ========
  16  ->  19   ===================
  17  ->  21   =====================
  18  ->  8    ========
  19  ->  22   ======================
  20  ->  11   ===========
  21  ->  8    ========
  22  ->  10   ==========
  23  ->  6    ======
  24  ->  9    =========
  25  ->  4    ====
  26  ->  2    ==
  27  ->  0    
  28  ->  1    =
