histogram results (column 4): sp_pRB
   0  ->  2    ==
   1  ->  19   ===================
   2  ->  48   ================================================
   3  ->  50   ==================================================
   4  ->  22   ======================
   5  ->  6    ======
   6  ->  2    ==
   7  ->  1    =
histogram results (column 5): sp_E2F1
   0  ->  3    ===
   1  ->  5    =====
   2  ->  7    =======
   3  ->  5    =====
   4  ->  7    =======
   5  ->  6    ======
   6  ->  6    ======
   7  ->  15   ===============
   8  ->  14   ==============
   9  ->  20   ====================
  10  ->  17   =================
  11  ->  13   =============
  12  ->  13   =============
  13  ->  7    =======
  14  ->  5    =====
  15  ->  3    ===
  16  ->  2    ==
  17  ->  1    =
  18  ->  0    
  19  ->  1    =
