histogram results (column 4): prot_pRB
   1  ->  0    
   2  ->  0    
   3  ->  0    
   4  ->  1    =
   5  ->  4    ====
   6  ->  1    =
   7  ->  8    ========
   8  ->  7    =======
   9  ->  13   =============
  10  ->  14   ==============
  11  ->  11   ===========
  12  ->  13   =============
  13  ->  17   =================
  14  ->  23   =======================
  15  ->  15   ===============
  16  ->  9    =========
  17  ->  4    ====
  18  ->  3    ===
  19  ->  1    =
  20  ->  0    
  21  ->  3    ===
  22  ->  3    ===
histogram results (column 5): prot_E2F1
   1  ->  0    
   2  ->  0    
   3  ->  0    
   4  ->  0    
   5  ->  0    
   6  ->  0    
   7  ->  1    =
   8  ->  0    
   9  ->  1    =
  11  ->  7    =======
  12  ->  5    =====
  13  ->  4    ====
  14  ->  8    ========
  15  ->  11   ===========
  16  ->  11   ===========
  17  ->  16   ================
  18  ->  18   ==================
  19  ->  12   ============
  20  ->  11   ===========
  21  ->  8    ========
  22  ->  12   ============
  23  ->  8    ========
  24  ->  7    =======
  25  ->  2    ==
  26  ->  1    =
  27  ->  4    ====
  28  ->  1    =
  29  ->  2    ==
